<?xml version="1.0" encoding="UTF-8"?>
<!-- Generated by org.testng.reporters.JUnitReportReporter -->
<testsuite skipped="0" hostname="Pranav" name="test.TestNgMavenExampleTest" tests="1" failures="0" timestamp="14 May 2018 12:21:06 GMT" time="0.007" errors="0">
  <testcase name="exampleOfTestNgMaven" time="0.007" classname="test.TestNgMavenExampleTest"/>
</testsuite> <!-- test.TestNgMavenExampleTest -->
