<?xml version="1.0" encoding="UTF-8"?>
<!-- Generated by org.testng.reporters.JUnitReportReporter -->
<testsuite skipped="0" hostname="Pranav" name="test.TestNgMavenExampleTest2" tests="1" failures="0" timestamp="16 May 2018 12:50:01 GMT" time="0.001" errors="0">
  <testcase name="testEquality" time="0.001" classname="test.TestNgMavenExampleTest2"/>
</testsuite> <!-- test.TestNgMavenExampleTest2 -->
